INFO [2021-10-06 12:48:20] [[1]]
INFO [2021-10-06 12:48:20] list(a, b, c)
INFO [2021-10-06 12:48:20] 
INFO [2021-10-06 12:48:20] $category.names
INFO [2021-10-06 12:48:20] c("Trial", "GP dataset", "Dispensing dataset")
INFO [2021-10-06 12:48:20] 
INFO [2021-10-06 12:48:20] $filename
INFO [2021-10-06 12:48:20] [1] "Outputs/Transfer/Figures/#1_participants_venn.jpg"
INFO [2021-10-06 12:48:20] 
INFO [2021-10-06 12:48:20] $fill
INFO [2021-10-06 12:48:20] myCol
INFO [2021-10-06 12:48:20] 
INFO [2021-10-06 12:48:20] $width
INFO [2021-10-06 12:48:20] [1] 8500
INFO [2021-10-06 12:48:20] 
INFO [2021-10-06 12:48:20] $height
INFO [2021-10-06 12:48:20] [1] 7000
INFO [2021-10-06 12:48:20] 
INFO [2021-10-06 12:48:20] $cex
INFO [2021-10-06 12:48:20] [1] 2
INFO [2021-10-06 12:48:20] 
INFO [2021-10-06 12:48:20] $cat.cex
INFO [2021-10-06 12:48:20] [1] 3
INFO [2021-10-06 12:48:20] 
