INFO [2021-10-11 15:44:39] [[1]]
INFO [2021-10-11 15:44:39] list(a, b, c)
INFO [2021-10-11 15:44:39] 
INFO [2021-10-11 15:44:39] $category.names
INFO [2021-10-11 15:44:39] c("Trial", "GP dataset", "Dispensing dataset")
INFO [2021-10-11 15:44:39] 
INFO [2021-10-11 15:44:39] $filename
INFO [2021-10-11 15:44:39] [1] "Outputs/Transfer/Figures/#1_participants_venn.jpg"
INFO [2021-10-11 15:44:39] 
INFO [2021-10-11 15:44:39] $fill
INFO [2021-10-11 15:44:39] myCol
INFO [2021-10-11 15:44:39] 
INFO [2021-10-11 15:44:39] $width
INFO [2021-10-11 15:44:39] [1] 8500
INFO [2021-10-11 15:44:39] 
INFO [2021-10-11 15:44:39] $height
INFO [2021-10-11 15:44:39] [1] 7000
INFO [2021-10-11 15:44:39] 
INFO [2021-10-11 15:44:39] $cex
INFO [2021-10-11 15:44:39] [1] 2
INFO [2021-10-11 15:44:39] 
INFO [2021-10-11 15:44:39] $cat.cex
INFO [2021-10-11 15:44:39] [1] 3
INFO [2021-10-11 15:44:39] 
