INFO [2021-10-11 15:35:56] [[1]]
INFO [2021-10-11 15:35:56] list(a, b, c)
INFO [2021-10-11 15:35:56] 
INFO [2021-10-11 15:35:56] $category.names
INFO [2021-10-11 15:35:56] c("Trial", "GP dataset", "Dispensing dataset")
INFO [2021-10-11 15:35:56] 
INFO [2021-10-11 15:35:56] $filename
INFO [2021-10-11 15:35:56] [1] "Outputs/Transfer/Figures/#1_participants_venn.jpg"
INFO [2021-10-11 15:35:56] 
INFO [2021-10-11 15:35:56] $fill
INFO [2021-10-11 15:35:56] myCol
INFO [2021-10-11 15:35:56] 
INFO [2021-10-11 15:35:56] $width
INFO [2021-10-11 15:35:56] [1] 8500
INFO [2021-10-11 15:35:56] 
INFO [2021-10-11 15:35:56] $height
INFO [2021-10-11 15:35:56] [1] 7000
INFO [2021-10-11 15:35:56] 
INFO [2021-10-11 15:35:56] $cex
INFO [2021-10-11 15:35:56] [1] 2
INFO [2021-10-11 15:35:56] 
INFO [2021-10-11 15:35:56] $cat.cex
INFO [2021-10-11 15:35:56] [1] 3
INFO [2021-10-11 15:35:56] 
