INFO [2021-10-05 14:28:42] [[1]]
INFO [2021-10-05 14:28:42] list(a, b, c)
INFO [2021-10-05 14:28:42] 
INFO [2021-10-05 14:28:42] $category.names
INFO [2021-10-05 14:28:42] c("Trial", "GP dataset", "Dispensing dataset")
INFO [2021-10-05 14:28:42] 
INFO [2021-10-05 14:28:42] $filename
INFO [2021-10-05 14:28:42] [1] "Outputs/Transfer/Figures/#1_participants_venn.jpg"
INFO [2021-10-05 14:28:42] 
INFO [2021-10-05 14:28:42] $fill
INFO [2021-10-05 14:28:42] myCol
INFO [2021-10-05 14:28:42] 
INFO [2021-10-05 14:28:42] $width
INFO [2021-10-05 14:28:42] [1] 8500
INFO [2021-10-05 14:28:42] 
INFO [2021-10-05 14:28:42] $height
INFO [2021-10-05 14:28:42] [1] 7000
INFO [2021-10-05 14:28:42] 
INFO [2021-10-05 14:28:42] $cex
INFO [2021-10-05 14:28:42] [1] 2
INFO [2021-10-05 14:28:42] 
INFO [2021-10-05 14:28:42] $cat.cex
INFO [2021-10-05 14:28:42] [1] 3
INFO [2021-10-05 14:28:42] 
