INFO [2021-10-05 14:28:35] [[1]]
INFO [2021-10-05 14:28:35] list(a, b, c)
INFO [2021-10-05 14:28:35] 
INFO [2021-10-05 14:28:35] $category.names
INFO [2021-10-05 14:28:35] c("Trial population", "GP dataset", "Dispensing dataset")
INFO [2021-10-05 14:28:35] 
INFO [2021-10-05 14:28:35] $filename
INFO [2021-10-05 14:28:35] [1] "Outputs/Transfer/Figures/#1_participants_venn.jpg"
INFO [2021-10-05 14:28:35] 
INFO [2021-10-05 14:28:35] $fill
INFO [2021-10-05 14:28:35] myCol
INFO [2021-10-05 14:28:35] 
INFO [2021-10-05 14:28:35] $width
INFO [2021-10-05 14:28:35] [1] 8500
INFO [2021-10-05 14:28:35] 
INFO [2021-10-05 14:28:35] $height
INFO [2021-10-05 14:28:35] [1] 7000
INFO [2021-10-05 14:28:35] 
INFO [2021-10-05 14:28:35] $cex
INFO [2021-10-05 14:28:35] [1] 2
INFO [2021-10-05 14:28:35] 
INFO [2021-10-05 14:28:35] $cat.cex
INFO [2021-10-05 14:28:35] [1] 3
INFO [2021-10-05 14:28:35] 
