INFO [2021-10-06 11:40:26] [[1]]
INFO [2021-10-06 11:40:26] list(a, b, c)
INFO [2021-10-06 11:40:26] 
INFO [2021-10-06 11:40:26] $category.names
INFO [2021-10-06 11:40:26] c("Trial", "GP dataset", "Dispensing dataset")
INFO [2021-10-06 11:40:26] 
INFO [2021-10-06 11:40:26] $filename
INFO [2021-10-06 11:40:26] [1] "Outputs/Transfer/Figures/#1_participants_venn.jpg"
INFO [2021-10-06 11:40:26] 
INFO [2021-10-06 11:40:26] $fill
INFO [2021-10-06 11:40:26] myCol
INFO [2021-10-06 11:40:26] 
INFO [2021-10-06 11:40:26] $width
INFO [2021-10-06 11:40:26] [1] 8500
INFO [2021-10-06 11:40:26] 
INFO [2021-10-06 11:40:26] $height
INFO [2021-10-06 11:40:26] [1] 7000
INFO [2021-10-06 11:40:26] 
INFO [2021-10-06 11:40:26] $cex
INFO [2021-10-06 11:40:26] [1] 2
INFO [2021-10-06 11:40:26] 
INFO [2021-10-06 11:40:26] $cat.cex
INFO [2021-10-06 11:40:26] [1] 3
INFO [2021-10-06 11:40:26] 
