INFO [2021-10-06 12:18:10] [[1]]
INFO [2021-10-06 12:18:10] list(a, b, c)
INFO [2021-10-06 12:18:10] 
INFO [2021-10-06 12:18:10] $category.names
INFO [2021-10-06 12:18:10] c("Trial", "GP dataset", "Dispensing dataset")
INFO [2021-10-06 12:18:10] 
INFO [2021-10-06 12:18:10] $filename
INFO [2021-10-06 12:18:10] [1] "Outputs/Transfer/Figures/#1_participants_venn.jpg"
INFO [2021-10-06 12:18:10] 
INFO [2021-10-06 12:18:10] $fill
INFO [2021-10-06 12:18:10] myCol
INFO [2021-10-06 12:18:10] 
INFO [2021-10-06 12:18:10] $width
INFO [2021-10-06 12:18:10] [1] 8500
INFO [2021-10-06 12:18:10] 
INFO [2021-10-06 12:18:10] $height
INFO [2021-10-06 12:18:10] [1] 7000
INFO [2021-10-06 12:18:10] 
INFO [2021-10-06 12:18:10] $cex
INFO [2021-10-06 12:18:10] [1] 2
INFO [2021-10-06 12:18:10] 
INFO [2021-10-06 12:18:10] $cat.cex
INFO [2021-10-06 12:18:10] [1] 3
INFO [2021-10-06 12:18:10] 
